mode: atomic
github.com/morikuni/serializer/serializer.go:11.37,19.27 2 1
github.com/morikuni/serializer/serializer.go:23.2,23.10 1 1
github.com/morikuni/serializer/serializer.go:19.27,21.3 1 2
github.com/morikuni/serializer/serializer.go:35.58,36.28 1 1
github.com/morikuni/serializer/serializer.go:50.2,50.12 1 1
github.com/morikuni/serializer/serializer.go:36.28,40.45 3 7
github.com/morikuni/serializer/serializer.go:44.3,44.29 1 7
github.com/morikuni/serializer/serializer.go:40.45,42.4 1 0
github.com/morikuni/serializer/serializer.go:44.29,45.43 1 1
github.com/morikuni/serializer/serializer.go:45.43,47.5 1 0
github.com/morikuni/serializer/serializer.go:53.65,54.36 1 8
github.com/morikuni/serializer/serializer.go:57.2,58.12 2 8
github.com/morikuni/serializer/serializer.go:54.36,56.3 1 0
github.com/morikuni/serializer/serializer.go:62.65,64.35 2 7
github.com/morikuni/serializer/serializer.go:68.2,69.16 2 7
github.com/morikuni/serializer/serializer.go:73.2,77.31 2 7
github.com/morikuni/serializer/serializer.go:64.35,66.3 1 0
github.com/morikuni/serializer/serializer.go:69.16,71.3 1 0
github.com/morikuni/serializer/serializer.go:81.67,83.16 2 7
github.com/morikuni/serializer/serializer.go:87.2,88.9 2 7
github.com/morikuni/serializer/serializer.go:92.2,93.29 2 7
github.com/morikuni/serializer/serializer.go:98.2,100.60 2 7
github.com/morikuni/serializer/serializer.go:104.2,104.12 1 7
github.com/morikuni/serializer/serializer.go:108.2,108.15 1 7
github.com/morikuni/serializer/serializer.go:83.16,85.3 1 0
github.com/morikuni/serializer/serializer.go:88.9,90.3 1 0
github.com/morikuni/serializer/serializer.go:93.29,96.3 2 3
github.com/morikuni/serializer/serializer.go:100.60,102.3 1 0
github.com/morikuni/serializer/serializer.go:104.12,106.3 1 4
github.com/morikuni/serializer/data.pb.go:26.43,26.58 1 3
github.com/morikuni/serializer/data.pb.go:27.43,27.80 1 1
github.com/morikuni/serializer/data.pb.go:28.44,28.45 0 1
github.com/morikuni/serializer/data.pb.go:29.43,29.79 1 1
github.com/morikuni/serializer/data.pb.go:31.33,32.14 1 1
github.com/morikuni/serializer/data.pb.go:35.2,35.11 1 0
github.com/morikuni/serializer/data.pb.go:32.14,34.3 1 1
github.com/morikuni/serializer/data.pb.go:38.36,39.14 1 1
github.com/morikuni/serializer/data.pb.go:42.2,42.12 1 0
github.com/morikuni/serializer/data.pb.go:39.14,41.3 1 1
github.com/morikuni/serializer/data.pb.go:45.13,47.2 1 1
github.com/morikuni/serializer/data.pb.go:49.13,49.66 1 1
github.com/morikuni/serializer/json.go:10.35,12.2 1 3
github.com/morikuni/serializer/json.go:20.61,22.2 1 8
github.com/morikuni/serializer/json.go:24.66,26.2 1 8
github.com/morikuni/serializer/json.go:30.31,32.2 1 2
github.com/morikuni/serializer/json.go:36.54,38.2 1 8
github.com/morikuni/serializer/json.go:40.54,42.54 2 8
github.com/morikuni/serializer/json.go:45.2,45.15 1 8
github.com/morikuni/serializer/json.go:42.54,44.3 1 0
github.com/morikuni/serializer/json.go:50.35,52.2 1 2
github.com/morikuni/serializer/json.go:56.58,59.2 2 1
github.com/morikuni/serializer/json.go:61.58,63.55 2 1
github.com/morikuni/serializer/json.go:66.2,66.47 1 1
github.com/morikuni/serializer/json.go:63.55,65.3 1 0
github.com/morikuni/serializer/resolver.go:21.45,23.2 1 3
github.com/morikuni/serializer/resolver.go:32.63,34.34 2 22
github.com/morikuni/serializer/resolver.go:37.2,37.31 1 22
github.com/morikuni/serializer/resolver.go:34.34,36.3 1 3
github.com/morikuni/serializer/resolver.go:41.39,44.29 2 24
github.com/morikuni/serializer/resolver.go:47.2,49.45 2 24
github.com/morikuni/serializer/resolver.go:44.29,46.3 1 9
github.com/morikuni/serializer/option.go:7.40,8.29 1 2
github.com/morikuni/serializer/option.go:8.29,10.3 1 2
github.com/morikuni/serializer/option.go:14.36,15.29 1 2
github.com/morikuni/serializer/option.go:15.29,17.3 1 2
github.com/morikuni/serializer/option.go:21.54,22.29 1 1
github.com/morikuni/serializer/option.go:22.29,24.3 1 1
github.com/morikuni/serializer/protobuf.go:12.39,14.2 1 3
github.com/morikuni/serializer/protobuf.go:22.48,24.2 1 2
github.com/morikuni/serializer/protobuf.go:26.65,28.9 2 2
github.com/morikuni/serializer/protobuf.go:31.2,31.27 1 1
github.com/morikuni/serializer/protobuf.go:28.9,30.3 1 1
github.com/morikuni/serializer/protobuf.go:34.70,36.9 2 2
github.com/morikuni/serializer/protobuf.go:39.2,39.35 1 1
github.com/morikuni/serializer/protobuf.go:36.9,38.3 1 1
github.com/morikuni/serializer/protobuf.go:44.35,46.2 1 2
github.com/morikuni/serializer/protobuf.go:50.58,52.16 2 1
github.com/morikuni/serializer/protobuf.go:55.2,56.12 2 1
github.com/morikuni/serializer/protobuf.go:52.16,54.3 1 0
github.com/morikuni/serializer/protobuf.go:59.58,61.16 2 1
github.com/morikuni/serializer/protobuf.go:64.2,65.49 2 1
github.com/morikuni/serializer/protobuf.go:68.2,68.15 1 1
github.com/morikuni/serializer/protobuf.go:61.16,63.3 1 0
github.com/morikuni/serializer/protobuf.go:65.49,67.3 1 0
github.com/morikuni/serializer/errors.go:15.42,17.2 1 1
github.com/morikuni/serializer/errors.go:28.46,30.2 1 1
github.com/morikuni/serializer/errors.go:41.45,43.2 1 1
